<?xml version="1.0" encoding="UTF-8"?>
<!-- Generated by org.testng.reporters.JUnitReportReporter -->
<testsuite hostname="LAPTOP-URC0MPI4" failures="0" tests="1" name="com.banking.testCases.TestCas" time="49.596" errors="0" timestamp="2023-09-20T12:32:11 IST" skipped="0">
  <testcase classname="com.banking.testCases.TestCas" name="test1" time="49.596"/>
  <system-out/>
</testsuite> <!-- com.banking.testCases.TestCas -->
