<?xml version="1.0" encoding="UTF-8"?>
<!-- Generated by org.testng.reporters.JUnitReportReporter -->
<testsuite hostname="LAPTOP-URC0MPI4" failures="0" tests="1" name="com.ecom.testCases.TestCase1" time="9.268" errors="0" timestamp="2024-06-27T19:15:51 IST" skipped="0">
  <testcase classname="com.ecom.testCases.TestCase1" name="test01" time="9.268"/>
</testsuite> <!-- com.ecom.testCases.TestCase1 -->
