<?xml version="1.0" encoding="UTF-8"?>
<!-- Generated by org.testng.reporters.JUnitReportReporter -->
<testsuite hostname="LAPTOP-URC0MPI4" failures="0" tests="2" name="com.ecom.testCases.TestCases2" time="42.946" errors="0" timestamp="2024-06-27T19:53:14 IST" skipped="0">
  <testcase classname="com.ecom.testCases.TestCases2" name="test7" time="21.600"/>
  <testcase classname="com.ecom.testCases.TestCases2" name="test7" time="21.346"/>
</testsuite> <!-- com.ecom.testCases.TestCases2 -->
