<?xml version="1.0" encoding="UTF-8"?>
<!-- Generated by org.testng.reporters.JUnitReportReporter -->
<testsuite hostname="LAPTOP-URC0MPI4" failures="0" tests="1" name="com.banking.testCases.TestCase1" time="1.521" errors="0" timestamp="2023-09-20T20:14:15 IST" skipped="0">
  <testcase classname="com.banking.testCases.TestCase1" name="test1" time="1.521"/>
  <system-out/>
</testsuite> <!-- com.banking.testCases.TestCase1 -->
