<?xml version="1.0" encoding="UTF-8"?>
<!-- Generated by org.testng.reporters.JUnitReportReporter -->
<testsuite hostname="LAPTOP-URC0MPI4" failures="0" tests="1" name="com.ecom.testCases.TestCase" time="7.161" errors="0" timestamp="2023-09-20T21:24:47 IST" skipped="0">
  <testcase classname="com.ecom.testCases.TestCase" name="test1" time="7.161"/>
  <system-out/>
</testsuite> <!-- com.ecom.testCases.TestCase -->
